# JRE version: Java(TM) SE Runtime Environment (8.0_40-b26) (build 1.8.0_40-b26)
# Java VM: Java HotSpot(TM) 64-Bit Server VM (25.40-b25 mixed mode windows-amd64 compressed oops)
Heap:
 PSYoungGen      total 395776K, used 36597K [0x00000000e0000000, 0x00000000fad80000, 0x0000000100000000)
  eden space 371200K, 3% used [0x00000000e0000000,0x00000000e0bc1a88,0x00000000f6a80000)
  from space 24576K, 99% used [0x00000000f8600000,0x00000000f9dfbba0,0x00000000f9e00000)
  to   space 28160K, 0% used [0x00000000f6a80000,0x00000000f6a80000,0x00000000f8600000)
 ParOldGen       total 115200K, used 35221K [0x00000000a0000000, 0x00000000a7080000, 0x00000000e0000000)
  object space 115200K, 30% used [0x00000000a0000000,0x00000000a2265628,0x00000000a7080000)
 Metaspace       used 64117K, capacity 66726K, committed 66776K, reserved 1107968K
  class space    used 8627K, capacity 9216K, committed 9216K, reserved 1048576K
GC Heap History (10 events):
Event: 231.632 GC heap before
{Heap before GC invocations=9 (full 2):
 PSYoungGen      total 219136K, used 218324K [0x00000000e0000000, 0x00000000ef100000, 0x0000000100000000)
  eden space 204288K, 100% used [0x00000000e0000000,0x00000000ec780000,0x00000000ec780000)
  from space 14848K, 94% used [0x00000000ed800000,0x00000000ee5b5308,0x00000000ee680000)
  to   space 16896K, 0% used [0x00000000ec780000,0x00000000ec780000,0x00000000ed800000)
 ParOldGen       total 82944K, used 18830K [0x00000000a0000000, 0x00000000a5100000, 0x00000000e0000000)
  object space 82944K, 22% used [0x00000000a0000000,0x00000000a1263978,0x00000000a5100000)
 Metaspace       used 48864K, capacity 50060K, committed 50264K, reserved 1093632K
  class space    used 6465K, capacity 6734K, committed 6784K, reserved 1048576K
Event: 231.661 GC heap after
Heap after GC invocations=9 (full 2):
 PSYoungGen      total 221184K, used 16870K [0x00000000e0000000, 0x00000000f5880000, 0x0000000100000000)
  eden space 204288K, 0% used [0x00000000e0000000,0x00000000e0000000,0x00000000ec780000)
  from space 16896K, 99% used [0x00000000ec780000,0x00000000ed7f9960,0x00000000ed800000)
  to   space 20480K, 0% used [0x00000000f4480000,0x00000000f4480000,0x00000000f5880000)
 ParOldGen       total 82944K, used 20150K [0x00000000a0000000, 0x00000000a5100000, 0x00000000e0000000)
  object space 82944K, 24% used [0x00000000a0000000,0x00000000a13ad8c0,0x00000000a5100000)
 Metaspace       used 48864K, capacity 50060K, committed 50264K, reserved 1093632K
  class space    used 6465K, capacity 6734K, committed 6784K, reserved 1048576K
}
Event: 250.017 GC heap before
{Heap before GC invocations=10 (full 2):
 PSYoungGen      total 221184K, used 221158K [0x00000000e0000000, 0x00000000f5880000, 0x0000000100000000)
  eden space 204288K, 100% used [0x00000000e0000000,0x00000000ec780000,0x00000000ec780000)
  from space 16896K, 99% used [0x00000000ec780000,0x00000000ed7f9960,0x00000000ed800000)
  to   space 20480K, 0% used [0x00000000f4480000,0x00000000f4480000,0x00000000f5880000)
 ParOldGen       total 82944K, used 20150K [0x00000000a0000000, 0x00000000a5100000, 0x00000000e0000000)
  object space 82944K, 24% used [0x00000000a0000000,0x00000000a13ad8c0,0x00000000a5100000)
 Metaspace       used 54746K, capacity 56336K, committed 56536K, reserved 1097728K
  class space    used 7269K, capacity 7636K, committed 7680K, reserved 1048576K
Event: 250.082 GC heap after
Heap after GC invocations=10 (full 2):
 PSYoungGen      total 319488K, used 20477K [0x00000000e0000000, 0x00000000f5880000, 0x0000000100000000)
  eden space 299008K, 0% used [0x00000000e0000000,0x00000000e0000000,0x00000000f2400000)
  from space 20480K, 99% used [0x00000000f4480000,0x00000000f587f770,0x00000000f5880000)
  to   space 25088K, 0% used [0x00000000f2780000,0x00000000f2780000,0x00000000f4000000)
 ParOldGen       total 82944K, used 23836K [0x00000000a0000000, 0x00000000a5100000, 0x00000000e0000000)
  object space 82944K, 28% used [0x00000000a0000000,0x00000000a17471f0,0x00000000a5100000)
 Metaspace       used 54746K, capacity 56336K, committed 56536K, reserved 1097728K
  class space    used 7269K, capacity 7636K, committed 7680K, reserved 1048576K
}
Event: 259.376 GC heap before
{Heap before GC invocations=11 (full 2):
 PSYoungGen      total 319488K, used 76603K [0x00000000e0000000, 0x00000000f5880000, 0x0000000100000000)
  eden space 299008K, 18% used [0x00000000e0000000,0x00000000e36cf618,0x00000000f2400000)
  from space 20480K, 99% used [0x00000000f4480000,0x00000000f587f770,0x00000000f5880000)
  to   space 25088K, 0% used [0x00000000f2780000,0x00000000f2780000,0x00000000f4000000)
 ParOldGen       total 82944K, used 23836K [0x00000000a0000000, 0x00000000a5100000, 0x00000000e0000000)
  object space 82944K, 28% used [0x00000000a0000000,0x00000000a17471f0,0x00000000a5100000)
 Metaspace       used 57140K, capacity 58936K, committed 58968K, reserved 1099776K
  class space    used 7641K, capacity 8055K, committed 8064K, reserved 1048576K
Event: 259.469 GC heap after
Heap after GC invocations=11 (full 2):
 PSYoungGen      total 327680K, used 14147K [0x00000000e0000000, 0x00000000f9e00000, 0x0000000100000000)
  eden space 302592K, 0% used [0x00000000e0000000,0x00000000e0000000,0x00000000f2780000)
  from space 25088K, 56% used [0x00000000f2780000,0x00000000f3550ee8,0x00000000f4000000)
  to   space 24576K, 0% used [0x00000000f8600000,0x00000000f8600000,0x00000000f9e00000)
 ParOldGen       total 82944K, used 31812K [0x00000000a0000000, 0x00000000a5100000, 0x00000000e0000000)
  object space 82944K, 38% used [0x00000000a0000000,0x00000000a1f113e8,0x00000000a5100000)
 Metaspace       used 57140K, capacity 58936K, committed 58968K, reserved 1099776K
  class space    used 7641K, capacity 8055K, committed 8064K, reserved 1048576K
}
Event: 259.469 GC heap before
{Heap before GC invocations=12 (full 3):
 PSYoungGen      total 327680K, used 14147K [0x00000000e0000000, 0x00000000f9e00000, 0x0000000100000000)
  eden space 302592K, 0% used [0x00000000e0000000,0x00000000e0000000,0x00000000f2780000)
  from space 25088K, 56% used [0x00000000f2780000,0x00000000f3550ee8,0x00000000f4000000)
  to   space 24576K, 0% used [0x00000000f8600000,0x00000000f8600000,0x00000000f9e00000)
 ParOldGen       total 82944K, used 31812K [0x00000000a0000000, 0x00000000a5100000, 0x00000000e0000000)
  object space 82944K, 38% used [0x00000000a0000000,0x00000000a1f113e8,0x00000000a5100000)
 Metaspace       used 57140K, capacity 58936K, committed 58968K, reserved 1099776K
  class space    used 7641K, capacity 8055K, committed 8064K, reserved 1048576K
Event: 259.933 GC heap after
Heap after GC invocations=12 (full 3):
 PSYoungGen      total 327680K, used 0K [0x00000000e0000000, 0x00000000f9e00000, 0x0000000100000000)
  eden space 302592K, 0% used [0x00000000e0000000,0x00000000e0000000,0x00000000f2780000)
  from space 25088K, 0% used [0x00000000f2780000,0x00000000f2780000,0x00000000f4000000)
  to   space 24576K, 0% used [0x00000000f8600000,0x00000000f8600000,0x00000000f9e00000)
 ParOldGen       total 115200K, used 34253K [0x00000000a0000000, 0x00000000a7080000, 0x00000000e0000000)
  object space 115200K, 29% used [0x00000000a0000000,0x00000000a21736e8,0x00000000a7080000)
 Metaspace       used 57140K, capacity 58936K, committed 58968K, reserved 1099776K
  class space    used 7641K, capacity 8055K, committed 8064K, reserved 1048576K
}
Event: 394.273 GC heap before
{Heap before GC invocations=13 (full 3):
 PSYoungGen      total 327680K, used 302592K [0x00000000e0000000, 0x00000000f9e00000, 0x0000000100000000)
  eden space 302592K, 100% used [0x00000000e0000000,0x00000000f2780000,0x00000000f2780000)
  from space 25088K, 0% used [0x00000000f2780000,0x00000000f2780000,0x00000000f4000000)
  to   space 24576K, 0% used [0x00000000f8600000,0x00000000f8600000,0x00000000f9e00000)
 ParOldGen       total 115200K, used 34253K [0x00000000a0000000, 0x00000000a7080000, 0x00000000e0000000)
  object space 115200K, 29% used [0x00000000a0000000,0x00000000a21736e8,0x00000000a7080000)
 Metaspace       used 64109K, capacity 66726K, committed 66776K, reserved 1107968K
  class space    used 8627K, capacity 9216K, committed 9216K, reserved 1048576K
Event: 394.315 GC heap after
Heap after GC invocations=13 (full 3):
 PSYoungGen      total 395776K, used 24558K [0x00000000e0000000, 0x00000000fad80000, 0x0000000100000000)
  eden space 371200K, 0% used [0x00000000e0000000,0x00000000e0000000,0x00000000f6a80000)
  from space 24576K, 99% used [0x00000000f8600000,0x00000000f9dfbba0,0x00000000f9e00000)
  to   space 28160K, 0% used [0x00000000f6a80000,0x00000000f6a80000,0x00000000f8600000)
 ParOldGen       total 115200K, used 35221K [0x00000000a0000000, 0x00000000a7080000, 0x00000000e0000000)
  object space 115200K, 30% used [0x00000000a0000000,0x00000000a2265628,0x00000000a7080000)
 Metaspace       used 64109K, capacity 66726K, committed 66776K, reserved 1107968K
  class space    used 8627K, capacity 9216K, committed 9216K, reserved 1048576K
}

