# JRE version: Java(TM) SE Runtime Environment (8.0_40-b26) (build 1.8.0_40-b26)
# Java VM: Java HotSpot(TM) 64-Bit Server VM (25.40-b25 mixed mode windows-amd64 compressed oops)
Heap:
 PSYoungGen      total 136704K, used 39918K [0x00000000e0000000, 0x00000000e8f80000, 0x0000000100000000)
  eden space 126464K, 31% used [0x00000000e0000000,0x00000000e26fb8f8,0x00000000e7b80000)
  from space 10240K, 0% used [0x00000000e7b80000,0x00000000e7b80000,0x00000000e8580000)
  to   space 8192K, 0% used [0x00000000e8780000,0x00000000e8780000,0x00000000e8f80000)
 ParOldGen       total 61440K, used 16917K [0x00000000a0000000, 0x00000000a3c00000, 0x00000000e0000000)
  object space 61440K, 27% used [0x00000000a0000000,0x00000000a10856a0,0x00000000a3c00000)
 Metaspace       used 37448K, capacity 38152K, committed 38360K, reserved 1083392K
  class space    used 5108K, capacity 5287K, committed 5376K, reserved 1048576K
GC Heap History (10 events):
Event: 11.044 GC heap before
{Heap before GC invocations=5 (full 1):
 PSYoungGen      total 71680K, used 5104K [0x00000000e0000000, 0x00000000e4b00000, 0x0000000100000000)
  eden space 66560K, 0% used [0x00000000e0000000,0x00000000e0000000,0x00000000e4100000)
  from space 5120K, 99% used [0x00000000e4600000,0x00000000e4afc010,0x00000000e4b00000)
  to   space 5120K, 0% used [0x00000000e4100000,0x00000000e4100000,0x00000000e4600000)
 ParOldGen       total 87552K, used 7445K [0x00000000a0000000, 0x00000000a5580000, 0x00000000e0000000)
  object space 87552K, 8% used [0x00000000a0000000,0x00000000a0745530,0x00000000a5580000)
 Metaspace       used 20719K, capacity 21062K, committed 21248K, reserved 1067008K
  class space    used 2821K, capacity 2958K, committed 3072K, reserved 1048576K
Event: 11.115 GC heap after
Heap after GC invocations=5 (full 1):
 PSYoungGen      total 71680K, used 0K [0x00000000e0000000, 0x00000000e4b00000, 0x0000000100000000)
  eden space 66560K, 0% used [0x00000000e0000000,0x00000000e0000000,0x00000000e4100000)
  from space 5120K, 0% used [0x00000000e4600000,0x00000000e4600000,0x00000000e4b00000)
  to   space 5120K, 0% used [0x00000000e4100000,0x00000000e4100000,0x00000000e4600000)
 ParOldGen       total 49152K, used 8435K [0x00000000a0000000, 0x00000000a3000000, 0x00000000e0000000)
  object space 49152K, 17% used [0x00000000a0000000,0x00000000a083ce88,0x00000000a3000000)
 Metaspace       used 20719K, capacity 21062K, committed 21248K, reserved 1067008K
  class space    used 2821K, capacity 2958K, committed 3072K, reserved 1048576K
}
Event: 13.895 GC heap before
{Heap before GC invocations=6 (full 1):
 PSYoungGen      total 71680K, used 66560K [0x00000000e0000000, 0x00000000e4b00000, 0x0000000100000000)
  eden space 66560K, 100% used [0x00000000e0000000,0x00000000e4100000,0x00000000e4100000)
  from space 5120K, 0% used [0x00000000e4600000,0x00000000e4600000,0x00000000e4b00000)
  to   space 5120K, 0% used [0x00000000e4100000,0x00000000e4100000,0x00000000e4600000)
 ParOldGen       total 49152K, used 8435K [0x00000000a0000000, 0x00000000a3000000, 0x00000000e0000000)
  object space 49152K, 17% used [0x00000000a0000000,0x00000000a083ce88,0x00000000a3000000)
 Metaspace       used 26134K, capacity 26522K, committed 26624K, reserved 1073152K
  class space    used 3683K, capacity 3786K, committed 3840K, reserved 1048576K
Event: 13.915 GC heap after
Heap after GC invocations=6 (full 1):
 PSYoungGen      total 71680K, used 5091K [0x00000000e0000000, 0x00000000e9200000, 0x0000000100000000)
  eden space 66560K, 0% used [0x00000000e0000000,0x00000000e0000000,0x00000000e4100000)
  from space 5120K, 99% used [0x00000000e4100000,0x00000000e45f8cf8,0x00000000e4600000)
  to   space 10752K, 0% used [0x00000000e8780000,0x00000000e8780000,0x00000000e9200000)
 ParOldGen       total 49152K, used 11430K [0x00000000a0000000, 0x00000000a3000000, 0x00000000e0000000)
  object space 49152K, 23% used [0x00000000a0000000,0x00000000a0b299a0,0x00000000a3000000)
 Metaspace       used 26134K, capacity 26522K, committed 26624K, reserved 1073152K
  class space    used 3683K, capacity 3786K, committed 3840K, reserved 1048576K
}
Event: 19.597 GC heap before
{Heap before GC invocations=7 (full 1):
 PSYoungGen      total 71680K, used 71651K [0x00000000e0000000, 0x00000000e9200000, 0x0000000100000000)
  eden space 66560K, 100% used [0x00000000e0000000,0x00000000e4100000,0x00000000e4100000)
  from space 5120K, 99% used [0x00000000e4100000,0x00000000e45f8cf8,0x00000000e4600000)
  to   space 10752K, 0% used [0x00000000e8780000,0x00000000e8780000,0x00000000e9200000)
 ParOldGen       total 49152K, used 11430K [0x00000000a0000000, 0x00000000a3000000, 0x00000000e0000000)
  object space 49152K, 23% used [0x00000000a0000000,0x00000000a0b299a0,0x00000000a3000000)
 Metaspace       used 29872K, capacity 30394K, committed 30720K, reserved 1075200K
  class space    used 4151K, capacity 4309K, committed 4352K, reserved 1048576K
Event: 19.608 GC heap after
Heap after GC invocations=7 (full 1):
 PSYoungGen      total 134656K, used 7215K [0x00000000e0000000, 0x00000000e8f80000, 0x0000000100000000)
  eden space 126464K, 0% used [0x00000000e0000000,0x00000000e0000000,0x00000000e7b80000)
  from space 8192K, 88% used [0x00000000e8780000,0x00000000e8e8bfe0,0x00000000e8f80000)
  to   space 10240K, 0% used [0x00000000e7b80000,0x00000000e7b80000,0x00000000e8580000)
 ParOldGen       total 49152K, used 11502K [0x00000000a0000000, 0x00000000a3000000, 0x00000000e0000000)
  object space 49152K, 23% used [0x00000000a0000000,0x00000000a0b3b9b0,0x00000000a3000000)
 Metaspace       used 29872K, capacity 30394K, committed 30720K, reserved 1075200K
  class space    used 4151K, capacity 4309K, committed 4352K, reserved 1048576K
}
Event: 21.210 GC heap before
{Heap before GC invocations=8 (full 1):
 PSYoungGen      total 134656K, used 69393K [0x00000000e0000000, 0x00000000e8f80000, 0x0000000100000000)
  eden space 126464K, 49% used [0x00000000e0000000,0x00000000e3cb8768,0x00000000e7b80000)
  from space 8192K, 88% used [0x00000000e8780000,0x00000000e8e8bfe0,0x00000000e8f80000)
  to   space 10240K, 0% used [0x00000000e7b80000,0x00000000e7b80000,0x00000000e8580000)
 ParOldGen       total 49152K, used 11502K [0x00000000a0000000, 0x00000000a3000000, 0x00000000e0000000)
  object space 49152K, 23% used [0x00000000a0000000,0x00000000a0b3b9b0,0x00000000a3000000)
 Metaspace       used 34647K, capacity 35210K, committed 35416K, reserved 1079296K
  class space    used 4726K, capacity 4875K, committed 4992K, reserved 1048576K
Event: 21.685 GC heap after
Heap after GC invocations=8 (full 1):
 PSYoungGen      total 136704K, used 10226K [0x00000000e0000000, 0x00000000e8f80000, 0x0000000100000000)
  eden space 126464K, 0% used [0x00000000e0000000,0x00000000e0000000,0x00000000e7b80000)
  from space 10240K, 99% used [0x00000000e7b80000,0x00000000e857c900,0x00000000e8580000)
  to   space 8192K, 0% used [0x00000000e8780000,0x00000000e8780000,0x00000000e8f80000)
 ParOldGen       total 49152K, used 12166K [0x00000000a0000000, 0x00000000a3000000, 0x00000000e0000000)
  object space 49152K, 24% used [0x00000000a0000000,0x00000000a0be1a20,0x00000000a3000000)
 Metaspace       used 34647K, capacity 35210K, committed 35416K, reserved 1079296K
  class space    used 4726K, capacity 4875K, committed 4992K, reserved 1048576K
}
Event: 21.685 GC heap before
{Heap before GC invocations=9 (full 2):
 PSYoungGen      total 136704K, used 10226K [0x00000000e0000000, 0x00000000e8f80000, 0x0000000100000000)
  eden space 126464K, 0% used [0x00000000e0000000,0x00000000e0000000,0x00000000e7b80000)
  from space 10240K, 99% used [0x00000000e7b80000,0x00000000e857c900,0x00000000e8580000)
  to   space 8192K, 0% used [0x00000000e8780000,0x00000000e8780000,0x00000000e8f80000)
 ParOldGen       total 49152K, used 12166K [0x00000000a0000000, 0x00000000a3000000, 0x00000000e0000000)
  object space 49152K, 24% used [0x00000000a0000000,0x00000000a0be1a20,0x00000000a3000000)
 Metaspace       used 34647K, capacity 35210K, committed 35416K, reserved 1079296K
  class space    used 4726K, capacity 4875K, committed 4992K, reserved 1048576K
Event: 21.845 GC heap after
Heap after GC invocations=9 (full 2):
 PSYoungGen      total 136704K, used 0K [0x00000000e0000000, 0x00000000e8f80000, 0x0000000100000000)
  eden space 126464K, 0% used [0x00000000e0000000,0x00000000e0000000,0x00000000e7b80000)
  from space 10240K, 0% used [0x00000000e7b80000,0x00000000e7b80000,0x00000000e8580000)
  to   space 8192K, 0% used [0x00000000e8780000,0x00000000e8780000,0x00000000e8f80000)
 ParOldGen       total 61440K, used 16917K [0x00000000a0000000, 0x00000000a3c00000, 0x00000000e0000000)
  object space 61440K, 27% used [0x00000000a0000000,0x00000000a10856a0,0x00000000a3c00000)
 Metaspace       used 34647K, capacity 35210K, committed 35416K, reserved 1079296K
  class space    used 4726K, capacity 4875K, committed 4992K, reserved 1048576K
}

